Determining if the pthread_create exist failed with the following output:
Change Dir: /home/ubuntu/cuda_hzh/cuda_cmakelists-master/cmake-build-debug/CMakeFiles/CMakeTmp

Run Build Command:"/usr/bin/make" "cmTC_dd4d1/fast"
/usr/bin/make -f CMakeFiles/cmTC_dd4d1.dir/build.make CMakeFiles/cmTC_dd4d1.dir/build
make[1]: Entering directory '/home/ubuntu/cuda_hzh/cuda_cmakelists-master/cmake-build-debug/CMakeFiles/CMakeTmp'
Building C object CMakeFiles/cmTC_dd4d1.dir/CheckSymbolExists.c.o
/usr/bin/cc    -fPIC    -o CMakeFiles/cmTC_dd4d1.dir/CheckSymbolExists.c.o   -c /home/ubuntu/cuda_hzh/cuda_cmakelists-master/cmake-build-debug/CMakeFiles/CMakeTmp/CheckSymbolExists.c
Linking C executable cmTC_dd4d1
/home/ubuntu/clion-2017.1.1/bin/cmake/bin/cmake -E cmake_link_script CMakeFiles/cmTC_dd4d1.dir/link.txt --verbose=1
/usr/bin/cc  -fPIC     CMakeFiles/cmTC_dd4d1.dir/CheckSymbolExists.c.o  -o cmTC_dd4d1 -rdynamic 
CMakeFiles/cmTC_dd4d1.dir/CheckSymbolExists.c.o: In function `main':
CheckSymbolExists.c:(.text+0x1b): undefined reference to `pthread_create'
collect2: error: ld returned 1 exit status
CMakeFiles/cmTC_dd4d1.dir/build.make:97: recipe for target 'cmTC_dd4d1' failed
make[1]: *** [cmTC_dd4d1] Error 1
make[1]: Leaving directory '/home/ubuntu/cuda_hzh/cuda_cmakelists-master/cmake-build-debug/CMakeFiles/CMakeTmp'
Makefile:126: recipe for target 'cmTC_dd4d1/fast' failed
make: *** [cmTC_dd4d1/fast] Error 2

File /home/ubuntu/cuda_hzh/cuda_cmakelists-master/cmake-build-debug/CMakeFiles/CMakeTmp/CheckSymbolExists.c:
/* */
#include <pthread.h>

int main(int argc, char** argv)
{
  (void)argv;
#ifndef pthread_create
  return ((int*)(&pthread_create))[argc];
#else
  (void)argc;
  return 0;
#endif
}

Determining if the function pthread_create exists in the pthreads failed with the following output:
Change Dir: /home/ubuntu/cuda_hzh/cuda_cmakelists-master/cmake-build-debug/CMakeFiles/CMakeTmp

Run Build Command:"/usr/bin/make" "cmTC_f8b0d/fast"
/usr/bin/make -f CMakeFiles/cmTC_f8b0d.dir/build.make CMakeFiles/cmTC_f8b0d.dir/build
make[1]: Entering directory '/home/ubuntu/cuda_hzh/cuda_cmakelists-master/cmake-build-debug/CMakeFiles/CMakeTmp'
Building C object CMakeFiles/cmTC_f8b0d.dir/CheckFunctionExists.c.o
/usr/bin/cc    -fPIC -DCHECK_FUNCTION_EXISTS=pthread_create   -o CMakeFiles/cmTC_f8b0d.dir/CheckFunctionExists.c.o   -c /home/ubuntu/clion-2017.1.1/bin/cmake/share/cmake-3.7/Modules/CheckFunctionExists.c
Linking C executable cmTC_f8b0d
/home/ubuntu/clion-2017.1.1/bin/cmake/bin/cmake -E cmake_link_script CMakeFiles/cmTC_f8b0d.dir/link.txt --verbose=1
/usr/bin/cc  -fPIC -DCHECK_FUNCTION_EXISTS=pthread_create    CMakeFiles/cmTC_f8b0d.dir/CheckFunctionExists.c.o  -o cmTC_f8b0d -rdynamic -lpthreads 
/usr/bin/ld: cannot find -lpthreads
collect2: error: ld returned 1 exit status
CMakeFiles/cmTC_f8b0d.dir/build.make:97: recipe for target 'cmTC_f8b0d' failed
make[1]: *** [cmTC_f8b0d] Error 1
make[1]: Leaving directory '/home/ubuntu/cuda_hzh/cuda_cmakelists-master/cmake-build-debug/CMakeFiles/CMakeTmp'
Makefile:126: recipe for target 'cmTC_f8b0d/fast' failed
make: *** [cmTC_f8b0d/fast] Error 2


